#
# There is insufficient memory for the Java Runtime Environment to continue.
# Native memory allocation (mmap) failed to map 7340032 bytes for G1 virtual space
# Possible reasons:
#   The system is out of physical RAM or swap space
#   The process is running with CompressedOops enabled, and the Java Heap may be blocking the growth of the native heap
# Possible solutions:
#   Reduce memory load on the system
#   Increase physical memory or swap space
#   Check if swap backing store is full
#   Decrease Java heap size (-Xmx/-Xms)
#   Decrease number of Java threads
#   Decrease Java thread stack sizes (-Xss)
#   Set larger code cache with -XX:ReservedCodeCacheSize=
#   JVM is running with Unscaled Compressed Oops mode in which the Java heap is
#     placed in the first 4GB address space. The Java Heap base address is the
#     maximum limit for the native heap growth. Please use -XX:HeapBaseMinAddress
#     to set the Java Heap base and to place the Java Heap above 4GB virtual address.
# This output file may be truncated or incomplete.
#
#  Out of Memory Error (os_windows.cpp:3771), pid=149056, tid=169844
#
# JRE version: OpenJDK Runtime Environment (17.0.7) (build 17.0.7+0-b2043.56-10550314)
# Java VM: OpenJDK 64-Bit Server VM (17.0.7+0-b2043.56-10550314, mixed mode, tiered, compressed oops, compressed class ptrs, g1 gc, windows-amd64)
# No core dump will be written. Minidumps are not enabled by default on client versions of Windows
#

---------------  S U M M A R Y ------------

Command Line: --add-opens=java.base/java.util=ALL-UNNAMED --add-opens=java.base/java.lang=ALL-UNNAMED --add-opens=java.base/java.lang.invoke=ALL-UNNAMED --add-opens=java.prefs/java.util.prefs=ALL-UNNAMED --add-opens=java.base/java.nio.charset=ALL-UNNAMED --add-opens=java.base/java.net=ALL-UNNAMED --add-opens=java.base/java.util.concurrent.atomic=ALL-UNNAMED -Xmx1536m -Dfile.encoding=x-windows-949 -Duser.country=KR -Duser.language=ko -Duser.variant -javaagent:D:\Program Files\Java\jdk-20.0.2\wrapper\dists\gradle-8.2-bin\bbg7u40eoinfdyxsxr3z4i7ta\gradle-8.2\lib\agents\gradle-instrumentation-agent-8.2.jar org.gradle.launcher.daemon.bootstrap.GradleDaemon 8.2

Host: Intel(R) Core(TM) i7-3770 CPU @ 3.40GHz, 8 cores, 7G,  Windows 10 , 64 bit Build 19041 (10.0.19041.3636)
Time: Wed Apr  3 06:06:33 2024  Windows 10 , 64 bit Build 19041 (10.0.19041.3636) elapsed time: 37.786742 seconds (0d 0h 0m 37s)

---------------  T H R E A D  ---------------

Current thread (0x000002818071bc60):  VMThread "VM Thread" [stack: 0x000000866b400000,0x000000866b500000] [id=169844]

Stack: [0x000000866b400000,0x000000866b500000]
Native frames: (J=compiled Java code, j=interpreted, Vv=VM code, C=native code)
V  [jvm.dll+0x683bfa]
V  [jvm.dll+0x8430a4]
V  [jvm.dll+0x8449be]
V  [jvm.dll+0x845023]
V  [jvm.dll+0x24ad2f]
V  [jvm.dll+0x680ac9]
V  [jvm.dll+0x67519a]
V  [jvm.dll+0x30b3cb]
V  [jvm.dll+0x312876]
V  [jvm.dll+0x36221e]
V  [jvm.dll+0x36244f]
V  [jvm.dll+0x2e14a8]
V  [jvm.dll+0x2e4596]
V  [jvm.dll+0x2eed58]
V  [jvm.dll+0x323a40]
V  [jvm.dll+0x8496eb]
V  [jvm.dll+0x84a424]
V  [jvm.dll+0x84a93d]
V  [jvm.dll+0x84ad14]
V  [jvm.dll+0x84ade0]
V  [jvm.dll+0x7f2aea]
V  [jvm.dll+0x682a35]
C  [ucrtbase.dll+0x21bb2]
C  [KERNEL32.DLL+0x17344]
C  [ntdll.dll+0x526b1]

VM_Operation (0x000000866b0ff810): G1Concurrent, mode: safepoint, requested by thread 0x00000281e7b6a9e0


---------------  P R O C E S S  ---------------

Threads class SMR info:
_java_thread_list=0x00000281873c8c50, length=42, elements={
0x00000281e7b12590, 0x00000281807216b0, 0x0000028180722d50, 0x000002818074d460,
0x0000028180750d40, 0x000002818093a080, 0x000002818093dca0, 0x0000028180959a20,
0x000002818095af80, 0x000002818095f030, 0x0000028180ac2d20, 0x0000028180ba1c30,
0x0000028185a1a060, 0x00000281862a38c0, 0x0000028186a9f950, 0x0000028186468520,
0x0000028185f20850, 0x00000281866ba900, 0x00000281866e9c70, 0x00000281866fe750,
0x0000028186702340, 0x00000281867019a0, 0x0000028186701e70, 0x0000028186703b50,
0x0000028186704020, 0x0000028186705360, 0x0000028186703680, 0x0000028186702810,
0x0000028186702ce0, 0x00000281867031b0, 0x00000281867044f0, 0x00000281867049c0,
0x0000028186704e90, 0x00000281869020e0, 0x00000281868ffa60, 0x00000281869025b0,
0x0000028186902a80, 0x00000281868fff30, 0x0000028186903420, 0x00000281868ff590,
0x0000028186901740, 0x000002818702d4c0
}

Java Threads: ( => current thread )
  0x00000281e7b12590 JavaThread "main" [_thread_blocked, id=169704, stack(0x000000866ae00000,0x000000866af00000)]
  0x00000281807216b0 JavaThread "Reference Handler" daemon [_thread_blocked, id=169416, stack(0x000000866b500000,0x000000866b600000)]
  0x0000028180722d50 JavaThread "Finalizer" daemon [_thread_blocked, id=163740, stack(0x000000866b600000,0x000000866b700000)]
  0x000002818074d460 JavaThread "Signal Dispatcher" daemon [_thread_blocked, id=157852, stack(0x000000866b700000,0x000000866b800000)]
  0x0000028180750d40 JavaThread "Attach Listener" daemon [_thread_blocked, id=170664, stack(0x000000866b800000,0x000000866b900000)]
  0x000002818093a080 JavaThread "Service Thread" daemon [_thread_blocked, id=169688, stack(0x000000866b900000,0x000000866ba00000)]
  0x000002818093dca0 JavaThread "Monitor Deflation Thread" daemon [_thread_blocked, id=143032, stack(0x000000866ba00000,0x000000866bb00000)]
  0x0000028180959a20 JavaThread "C2 CompilerThread0" daemon [_thread_blocked, id=161816, stack(0x000000866bb00000,0x000000866bc00000)]
  0x000002818095af80 JavaThread "C1 CompilerThread0" daemon [_thread_blocked, id=157256, stack(0x000000866bc00000,0x000000866bd00000)]
  0x000002818095f030 JavaThread "Sweeper thread" daemon [_thread_blocked, id=159036, stack(0x000000866bd00000,0x000000866be00000)]
  0x0000028180ac2d20 JavaThread "Common-Cleaner" daemon [_thread_blocked, id=168352, stack(0x000000866be00000,0x000000866bf00000)]
  0x0000028180ba1c30 JavaThread "Notification Thread" daemon [_thread_blocked, id=173272, stack(0x000000866bf00000,0x000000866c000000)]
  0x0000028185a1a060 JavaThread "Daemon health stats" [_thread_blocked, id=153804, stack(0x000000866c500000,0x000000866c600000)]
  0x00000281862a38c0 JavaThread "Incoming local TCP Connector on port 12473" [_thread_in_native, id=168880, stack(0x000000866c600000,0x000000866c700000)]
  0x0000028186a9f950 JavaThread "Daemon periodic checks" [_thread_blocked, id=154388, stack(0x000000866c700000,0x000000866c800000)]
  0x0000028186468520 JavaThread "Daemon" [_thread_blocked, id=156604, stack(0x000000866c800000,0x000000866c900000)]
  0x0000028185f20850 JavaThread "Handler for socket connection from /127.0.0.1:12473 to /127.0.0.1:12474" [_thread_in_native, id=172660, stack(0x000000866c900000,0x000000866ca00000)]
  0x00000281866ba900 JavaThread "Cancel handler" [_thread_blocked, id=165620, stack(0x000000866ca00000,0x000000866cb00000)]
  0x00000281866e9c70 JavaThread "Daemon worker" [_thread_blocked, id=156312, stack(0x000000866cb00000,0x000000866cc00000)]
  0x00000281866fe750 JavaThread "Asynchronous log dispatcher for DefaultDaemonConnection: socket connection from /127.0.0.1:12473 to /127.0.0.1:12474" [_thread_blocked, id=169328, stack(0x000000866cc00000,0x000000866cd00000)]
  0x0000028186702340 JavaThread "Stdin handler" [_thread_blocked, id=170340, stack(0x000000866cd00000,0x000000866ce00000)]
  0x00000281867019a0 JavaThread "Daemon client event forwarder" [_thread_blocked, id=158468, stack(0x000000866ce00000,0x000000866cf00000)]
  0x0000028186701e70 JavaThread "Cache worker for journal cache (D:\Program Files\Java\jdk-20.0.2\caches\journal-1)" [_thread_blocked, id=171876, stack(0x000000866d300000,0x000000866d400000)]
  0x0000028186703b50 JavaThread "File lock request listener" [_thread_in_native, id=167536, stack(0x000000866d400000,0x000000866d500000)]
  0x0000028186704020 JavaThread "Cache worker for file hash cache (D:\Program Files\Java\jdk-20.0.2\caches\8.2\fileHashes)" [_thread_blocked, id=151036, stack(0x000000866d500000,0x000000866d600000)]
  0x0000028186705360 JavaThread "File watcher server" daemon [_thread_in_native, id=163016, stack(0x000000866d600000,0x000000866d700000)]
  0x0000028186703680 JavaThread "File watcher consumer" daemon [_thread_blocked, id=169096, stack(0x000000866d700000,0x000000866d800000)]
  0x0000028186702810 JavaThread "jar transforms" [_thread_blocked, id=173704, stack(0x000000866d800000,0x000000866d900000)]
  0x0000028186702ce0 JavaThread "jar transforms Thread 2" [_thread_blocked, id=170300, stack(0x000000866d900000,0x000000866da00000)]
  0x00000281867031b0 JavaThread "jar transforms Thread 3" [_thread_blocked, id=171772, stack(0x000000866da00000,0x000000866db00000)]
  0x00000281867044f0 JavaThread "jar transforms Thread 4" [_thread_blocked, id=171532, stack(0x000000866db00000,0x000000866dc00000)]
  0x00000281867049c0 JavaThread "jar transforms Thread 5" [_thread_blocked, id=167348, stack(0x000000866dc00000,0x000000866dd00000)]
  0x0000028186704e90 JavaThread "jar transforms Thread 6" [_thread_blocked, id=173796, stack(0x000000866dd00000,0x000000866de00000)]
  0x00000281869020e0 JavaThread "jar transforms Thread 7" [_thread_blocked, id=171704, stack(0x000000866de00000,0x000000866df00000)]
  0x00000281868ffa60 JavaThread "jar transforms Thread 8" [_thread_blocked, id=162224, stack(0x000000866df00000,0x000000866e000000)]
  0x00000281869025b0 JavaThread "Cache worker for checksums cache (E:\Users\Desktop\And\Gallery\.gradle\8.2\checksums)" [_thread_blocked, id=155656, stack(0x000000866e000000,0x000000866e100000)]
  0x0000028186902a80 JavaThread "Cache worker for cache directory md-rule (D:\Program Files\Java\jdk-20.0.2\caches\8.2\md-rule)" [_thread_blocked, id=160008, stack(0x000000866e100000,0x000000866e200000)]
  0x00000281868fff30 JavaThread "Cache worker for file content cache (D:\Program Files\Java\jdk-20.0.2\caches\8.2\fileContent)" [_thread_blocked, id=172620, stack(0x000000866e200000,0x000000866e300000)]
  0x0000028186903420 JavaThread "Cache worker for file hash cache (E:\Users\Desktop\And\Gallery\.gradle\8.2\fileHashes)" [_thread_blocked, id=139124, stack(0x000000866e400000,0x000000866e500000)]
  0x00000281868ff590 JavaThread "Cache worker for cache directory md-supplier (D:\Program Files\Java\jdk-20.0.2\caches\8.2\md-supplier)" [_thread_blocked, id=151172, stack(0x000000866e500000,0x000000866e600000)]
  0x0000028186901740 JavaThread "Cache worker for execution history cache (D:\Program Files\Java\jdk-20.0.2\caches\8.2\executionHistory)" [_thread_blocked, id=161968, stack(0x000000866e600000,0x000000866e700000)]
  0x000002818702d4c0 JavaThread "C2 CompilerThread1" daemon [_thread_blocked, id=155508, stack(0x000000866e300000,0x000000866e400000)]

Other Threads:
=>0x000002818071bc60 VMThread "VM Thread" [stack: 0x000000866b400000,0x000000866b500000] [id=169844]
  0x00000281e7b13660 WatcherThread [stack: 0x000000866c000000,0x000000866c100000] [id=171284]
  0x00000281e7b5db90 GCTaskThread "GC Thread#0" [stack: 0x000000866af00000,0x000000866b000000] [id=166704]
  0x0000028185906930 GCTaskThread "GC Thread#1" [stack: 0x000000866c100000,0x000000866c200000] [id=171992]
  0x0000028180c56490 GCTaskThread "GC Thread#2" [stack: 0x000000866c200000,0x000000866c300000] [id=161860]
  0x0000028185762a70 GCTaskThread "GC Thread#3" [stack: 0x000000866c300000,0x000000866c400000] [id=164312]
  0x0000028185befd00 GCTaskThread "GC Thread#4" [stack: 0x000000866c400000,0x000000866c500000] [id=149356]
  0x000002818624ed80 GCTaskThread "GC Thread#5" [stack: 0x000000866cf00000,0x000000866d000000] [id=151264]
  0x000002818624e570 GCTaskThread "GC Thread#6" [stack: 0x000000866d000000,0x000000866d100000] [id=167356]
  0x000002818624dab0 GCTaskThread "GC Thread#7" [stack: 0x000000866d100000,0x000000866d200000] [id=164884]
  0x00000281e7b6a9e0 ConcurrentGCThread "G1 Main Marker" [stack: 0x000000866b000000,0x000000866b100000] [id=173096]
  0x00000281e7b6cab0 ConcurrentGCThread "G1 Conc#0" [stack: 0x000000866b100000,0x000000866b200000] [id=157052]
  0x000002818624f030 ConcurrentGCThread "G1 Conc#1" [stack: 0x000000866d200000,0x000000866d300000] [id=127524]
  0x00000281e7bd72a0 ConcurrentGCThread "G1 Refine#0" [stack: 0x000000866b200000,0x000000866b300000] [id=173908]
  0x00000281e7bd7bd0 ConcurrentGCThread "G1 Service" [stack: 0x000000866b300000,0x000000866b400000] [id=160872]

Threads with active compile tasks:
C2 CompilerThread0    37932 3903   !   4       jdk.internal.loader.URLClassPath$JarLoader::getResource (354 bytes)
C2 CompilerThread1    37932 3963  s    4       jdk.internal.loader.Resource::cachedInputStream (20 bytes)

VM state: at safepoint (normal execution)

VM Mutex/Monitor currently owned by a thread:  ([mutex/lock_event])
[0x00000281e7b0f790] Threads_lock - owner thread: 0x000002818071bc60
[0x00000281e7b0e740] Heap_lock - owner thread: 0x00000281e7b6a9e0

Heap address: 0x00000000a0000000, size: 1536 MB, Compressed Oops mode: 32-bit

CDS archive(s) not mapped
Compressed class space mapped at: 0x0000000100000000-0x0000000140000000, reserved size: 1073741824
Narrow klass base: 0x0000000000000000, Narrow klass shift: 3, Narrow klass range: 0x140000000

GC Precious Log:
 CPUs: 8 total, 8 available
 Memory: 8150M
 Large Page Support: Disabled
 NUMA Support: Disabled
 Compressed Oops: Enabled (32-bit)
 Heap Region Size: 1M
 Heap Min Capacity: 8M
 Heap Initial Capacity: 128M
 Heap Max Capacity: 1536M
 Pre-touch: Disabled
 Parallel Workers: 8
 Concurrent Workers: 2
 Concurrent Refinement Workers: 8
 Periodic GC: Disabled

Heap:
 garbage-first heap   total 99328K, used 61200K [0x00000000a0000000, 0x0000000100000000)
  region size 1024K, 3 young (3072K), 2 survivors (2048K)
 Metaspace       used 44281K, committed 44672K, reserved 1114112K
  class space    used 5833K, committed 6016K, reserved 1048576K

Heap Regions: E=young(eden), S=young(survivor), O=old, HS=humongous(starts), HC=humongous(continues), CS=collection set, F=free, OA=open archive, CA=closed archive, TAMS=top-at-mark-start (previous, next)
|   0|0x00000000a0000000, 0x00000000a0100000, 0x00000000a0100000|100%|HS|  |TAMS 0x00000000a0100000, 0x00000000a0000000| Complete 
|   1|0x00000000a0100000, 0x00000000a0200000, 0x00000000a0200000|100%|HC|  |TAMS 0x00000000a0200000, 0x00000000a0100000| Complete 
|   2|0x00000000a0200000, 0x00000000a0300000, 0x00000000a0300000|100%|HC|  |TAMS 0x00000000a0300000, 0x00000000a0200000| Complete 
|   3|0x00000000a0300000, 0x00000000a0400000, 0x00000000a0400000|100%|HC|  |TAMS 0x00000000a0400000, 0x00000000a0300000| Complete 
|   4|0x00000000a0400000, 0x00000000a0500000, 0x00000000a0500000|100%| O|  |TAMS 0x00000000a0500000, 0x00000000a0400000| Untracked 
|   5|0x00000000a0500000, 0x00000000a0600000, 0x00000000a0600000|100%| O|  |TAMS 0x00000000a0600000, 0x00000000a0500000| Updating 
|   6|0x00000000a0600000, 0x00000000a0700000, 0x00000000a0700000|100%| O|  |TAMS 0x00000000a0700000, 0x00000000a0600000| Untracked 
|   7|0x00000000a0700000, 0x00000000a0800000, 0x00000000a0800000|100%| O|  |TAMS 0x00000000a0800000, 0x00000000a0700000| Untracked 
|   8|0x00000000a0800000, 0x00000000a0900000, 0x00000000a0900000|100%| O|  |TAMS 0x00000000a0900000, 0x00000000a0800000| Untracked 
|   9|0x00000000a0900000, 0x00000000a0a00000, 0x00000000a0a00000|100%| O|  |TAMS 0x00000000a0a00000, 0x00000000a0900000| Untracked 
|  10|0x00000000a0a00000, 0x00000000a0a60200, 0x00000000a0b00000| 37%| O|  |TAMS 0x00000000a0a60200, 0x00000000a0a00000| Updating 
|  11|0x00000000a0b00000, 0x00000000a0c00000, 0x00000000a0c00000|100%| O|  |TAMS 0x00000000a0c00000, 0x00000000a0b00000| Untracked 
|  12|0x00000000a0c00000, 0x00000000a0d00000, 0x00000000a0d00000|100%| O|  |TAMS 0x00000000a0d00000, 0x00000000a0c00000| Untracked 
|  13|0x00000000a0d00000, 0x00000000a0e00000, 0x00000000a0e00000|100%| O|  |TAMS 0x00000000a0e00000, 0x00000000a0d00000| Updating 
|  14|0x00000000a0e00000, 0x00000000a0f00000, 0x00000000a0f00000|100%| O|  |TAMS 0x00000000a0f00000, 0x00000000a0e00000| Updating 
|  15|0x00000000a0f00000, 0x00000000a1000000, 0x00000000a1000000|100%| O|  |TAMS 0x00000000a1000000, 0x00000000a0f00000| Untracked 
|  16|0x00000000a1000000, 0x00000000a1100000, 0x00000000a1100000|100%| O|  |TAMS 0x00000000a1100000, 0x00000000a1000000| Untracked 
|  17|0x00000000a1100000, 0x00000000a1200000, 0x00000000a1200000|100%| O|  |TAMS 0x00000000a1200000, 0x00000000a1100000| Untracked 
|  18|0x00000000a1200000, 0x00000000a1300000, 0x00000000a1300000|100%| O|  |TAMS 0x00000000a1300000, 0x00000000a1200000| Untracked 
|  19|0x00000000a1300000, 0x00000000a1400000, 0x00000000a1400000|100%| O|  |TAMS 0x00000000a1400000, 0x00000000a1300000| Untracked 
|  20|0x00000000a1400000, 0x00000000a1500000, 0x00000000a1500000|100%|HS|  |TAMS 0x00000000a1500000, 0x00000000a1400000| Complete 
|  21|0x00000000a1500000, 0x00000000a1600000, 0x00000000a1600000|100%|HC|  |TAMS 0x00000000a1600000, 0x00000000a1500000| Complete 
|  22|0x00000000a1600000, 0x00000000a1700000, 0x00000000a1700000|100%|HS|  |TAMS 0x00000000a1700000, 0x00000000a1600000| Complete 
|  23|0x00000000a1700000, 0x00000000a1800000, 0x00000000a1800000|100%|HC|  |TAMS 0x00000000a1800000, 0x00000000a1700000| Complete 
|  24|0x00000000a1800000, 0x00000000a1900000, 0x00000000a1900000|100%|HC|  |TAMS 0x00000000a1900000, 0x00000000a1800000| Complete 
|  25|0x00000000a1900000, 0x00000000a1a00000, 0x00000000a1a00000|100%|HS|  |TAMS 0x00000000a1a00000, 0x00000000a1900000| Complete 
|  26|0x00000000a1a00000, 0x00000000a1b00000, 0x00000000a1b00000|100%|HC|  |TAMS 0x00000000a1b00000, 0x00000000a1a00000| Complete 
|  27|0x00000000a1b00000, 0x00000000a1c00000, 0x00000000a1c00000|100%| O|  |TAMS 0x00000000a1c00000, 0x00000000a1b00000| Untracked 
|  28|0x00000000a1c00000, 0x00000000a1d00000, 0x00000000a1d00000|100%|HS|  |TAMS 0x00000000a1d00000, 0x00000000a1c00000| Complete 
|  29|0x00000000a1d00000, 0x00000000a1e00000, 0x00000000a1e00000|100%|HC|  |TAMS 0x00000000a1e00000, 0x00000000a1d00000| Complete 
|  30|0x00000000a1e00000, 0x00000000a1f00000, 0x00000000a1f00000|100%|HC|  |TAMS 0x00000000a1f00000, 0x00000000a1e00000| Complete 
|  31|0x00000000a1f00000, 0x00000000a2000000, 0x00000000a2000000|100%|HC|  |TAMS 0x00000000a2000000, 0x00000000a1f00000| Complete 
|  32|0x00000000a2000000, 0x00000000a2100000, 0x00000000a2100000|100%|HC|  |TAMS 0x00000000a2100000, 0x00000000a2000000| Complete 
|  33|0x00000000a2100000, 0x00000000a2200000, 0x00000000a2200000|100%|HC|  |TAMS 0x00000000a2200000, 0x00000000a2100000| Complete 
|  34|0x00000000a2200000, 0x00000000a2300000, 0x00000000a2300000|100%|HC|  |TAMS 0x00000000a2300000, 0x00000000a2200000| Complete 
|  35|0x00000000a2300000, 0x00000000a2400000, 0x00000000a2400000|100%|HC|  |TAMS 0x00000000a2400000, 0x00000000a2300000| Complete 
|  36|0x00000000a2400000, 0x00000000a2500000, 0x00000000a2500000|100%|HC|  |TAMS 0x00000000a2500000, 0x00000000a2400000| Complete 
|  37|0x00000000a2500000, 0x00000000a2600000, 0x00000000a2600000|100%|HC|  |TAMS 0x00000000a2600000, 0x00000000a2500000| Complete 
|  38|0x00000000a2600000, 0x00000000a2700000, 0x00000000a2700000|100%|HC|  |TAMS 0x00000000a2700000, 0x00000000a2600000| Complete 
|  39|0x00000000a2700000, 0x00000000a2800000, 0x00000000a2800000|100%|HC|  |TAMS 0x00000000a2800000, 0x00000000a2700000| Complete 
|  40|0x00000000a2800000, 0x00000000a2900000, 0x00000000a2900000|100%| O|  |TAMS 0x00000000a2900000, 0x00000000a2800000| Untracked 
|  41|0x00000000a2900000, 0x00000000a2a00000, 0x00000000a2a00000|100%| O|  |TAMS 0x00000000a2a00000, 0x00000000a2900000| Untracked 
|  42|0x00000000a2a00000, 0x00000000a2b00000, 0x00000000a2b00000|100%| O|  |TAMS 0x00000000a2b00000, 0x00000000a2a00000| Untracked 
|  43|0x00000000a2b00000, 0x00000000a2c00000, 0x00000000a2c00000|100%| O|  |TAMS 0x00000000a2c00000, 0x00000000a2b00000| Updating 
|  44|0x00000000a2c00000, 0x00000000a2d00000, 0x00000000a2d00000|100%|HS|  |TAMS 0x00000000a2d00000, 0x00000000a2c00000| Complete 
|  45|0x00000000a2d00000, 0x00000000a2e00000, 0x00000000a2e00000|100%|HC|  |TAMS 0x00000000a2e00000, 0x00000000a2d00000| Complete 
|  46|0x00000000a2e00000, 0x00000000a2f00000, 0x00000000a2f00000|100%| O|  |TAMS 0x00000000a2f00000, 0x00000000a2e00000| Updating 
|  47|0x00000000a2f00000, 0x00000000a3000000, 0x00000000a3000000|100%| O|  |TAMS 0x00000000a3000000, 0x00000000a2f00000| Untracked 
|  48|0x00000000a3000000, 0x00000000a3100000, 0x00000000a3100000|100%| O|  |TAMS 0x00000000a3100000, 0x00000000a3000000| Untracked 
|  49|0x00000000a3100000, 0x00000000a3200000, 0x00000000a3200000|100%| O|  |TAMS 0x00000000a3200000, 0x00000000a3100000| Untracked 
|  50|0x00000000a3200000, 0x00000000a3300000, 0x00000000a3300000|100%| O|  |TAMS 0x00000000a3300000, 0x00000000a3200000| Untracked 
|  51|0x00000000a3300000, 0x00000000a3400000, 0x00000000a3400000|100%| O|  |TAMS 0x00000000a3400000, 0x00000000a3300000| Untracked 
|  52|0x00000000a3400000, 0x00000000a3500000, 0x00000000a3500000|100%| O|  |TAMS 0x00000000a3439a00, 0x00000000a3400000| Untracked 
|  53|0x00000000a3500000, 0x00000000a3593e00, 0x00000000a3600000| 57%| O|  |TAMS 0x00000000a3500000, 0x00000000a3500000| Updating 
|  54|0x00000000a3600000, 0x00000000a3700000, 0x00000000a3700000|100%|HS|  |TAMS 0x00000000a3600000, 0x00000000a3600000| Complete 
|  55|0x00000000a3700000, 0x00000000a3800000, 0x00000000a3800000|100%|HS|  |TAMS 0x00000000a3700000, 0x00000000a3700000| Complete 
|  56|0x00000000a3800000, 0x00000000a3900000, 0x00000000a3900000|100%|HC|  |TAMS 0x00000000a3800000, 0x00000000a3800000| Complete 
|  57|0x00000000a3900000, 0x00000000a3a00000, 0x00000000a3a00000|100%|HS|  |TAMS 0x00000000a3900000, 0x00000000a3900000| Complete 
|  58|0x00000000a3a00000, 0x00000000a3b00000, 0x00000000a3b00000|100%|HC|  |TAMS 0x00000000a3a00000, 0x00000000a3a00000| Complete 
|  59|0x00000000a3b00000, 0x00000000a3b00000, 0x00000000a3c00000|  0%| F|  |TAMS 0x00000000a3b00000, 0x00000000a3b00000| Untracked 
|  60|0x00000000a3c00000, 0x00000000a3c00000, 0x00000000a3d00000|  0%| F|  |TAMS 0x00000000a3c00000, 0x00000000a3c00000| Untracked 
|  61|0x00000000a3d00000, 0x00000000a3d00000, 0x00000000a3e00000|  0%| F|  |TAMS 0x00000000a3d00000, 0x00000000a3d00000| Untracked 
|  62|0x00000000a3e00000, 0x00000000a3e00000, 0x00000000a3f00000|  0%| F|  |TAMS 0x00000000a3e00000, 0x00000000a3e00000| Untracked 
|  63|0x00000000a3f00000, 0x00000000a3f00000, 0x00000000a4000000|  0%| F|  |TAMS 0x00000000a3f00000, 0x00000000a3f00000| Untracked 
|  64|0x00000000a4000000, 0x00000000a4000000, 0x00000000a4100000|  0%| F|  |TAMS 0x00000000a4000000, 0x00000000a4000000| Untracked 
|  65|0x00000000a4100000, 0x00000000a4100000, 0x00000000a4200000|  0%| F|  |TAMS 0x00000000a4100000, 0x00000000a4100000| Untracked 
|  66|0x00000000a4200000, 0x00000000a4200000, 0x00000000a4300000|  0%| F|  |TAMS 0x00000000a4200000, 0x00000000a4200000| Untracked 
|  67|0x00000000a4300000, 0x00000000a4300000, 0x00000000a4400000|  0%| F|  |TAMS 0x00000000a4300000, 0x00000000a4300000| Untracked 
|  68|0x00000000a4400000, 0x00000000a4400000, 0x00000000a4500000|  0%| F|  |TAMS 0x00000000a4400000, 0x00000000a4400000| Untracked 
|  69|0x00000000a4500000, 0x00000000a4500000, 0x00000000a4600000|  0%| F|  |TAMS 0x00000000a4500000, 0x00000000a4500000| Untracked 
|  70|0x00000000a4600000, 0x00000000a4600000, 0x00000000a4700000|  0%| F|  |TAMS 0x00000000a4600000, 0x00000000a4600000| Untracked 
|  71|0x00000000a4700000, 0x00000000a4700000, 0x00000000a4800000|  0%| F|  |TAMS 0x00000000a4700000, 0x00000000a4700000| Untracked 
|  72|0x00000000a4800000, 0x00000000a4800000, 0x00000000a4900000|  0%| F|  |TAMS 0x00000000a4800000, 0x00000000a4800000| Untracked 
|  73|0x00000000a4900000, 0x00000000a4900000, 0x00000000a4a00000|  0%| F|  |TAMS 0x00000000a4900000, 0x00000000a4900000| Untracked 
|  74|0x00000000a4a00000, 0x00000000a4a00000, 0x00000000a4b00000|  0%| F|  |TAMS 0x00000000a4a00000, 0x00000000a4a00000| Untracked 
|  75|0x00000000a4b00000, 0x00000000a4b00000, 0x00000000a4c00000|  0%| F|  |TAMS 0x00000000a4b00000, 0x00000000a4b00000| Untracked 
|  76|0x00000000a4c00000, 0x00000000a4c00000, 0x00000000a4d00000|  0%| F|  |TAMS 0x00000000a4c00000, 0x00000000a4c00000| Untracked 
|  77|0x00000000a4d00000, 0x00000000a4d00000, 0x00000000a4e00000|  0%| F|  |TAMS 0x00000000a4d00000, 0x00000000a4d00000| Untracked 
|  78|0x00000000a4e00000, 0x00000000a4e00000, 0x00000000a4f00000|  0%| F|  |TAMS 0x00000000a4e00000, 0x00000000a4e00000| Untracked 
|  79|0x00000000a4f00000, 0x00000000a4f00000, 0x00000000a5000000|  0%| F|  |TAMS 0x00000000a4f00000, 0x00000000a4f00000| Untracked 
|  80|0x00000000a5000000, 0x00000000a5000000, 0x00000000a5100000|  0%| F|  |TAMS 0x00000000a5000000, 0x00000000a5000000| Untracked 
|  81|0x00000000a5100000, 0x00000000a5100000, 0x00000000a5200000|  0%| F|  |TAMS 0x00000000a5100000, 0x00000000a5100000| Untracked 
|  82|0x00000000a5200000, 0x00000000a5200000, 0x00000000a5300000|  0%| F|  |TAMS 0x00000000a5200000, 0x00000000a5200000| Untracked 
|  83|0x00000000a5300000, 0x00000000a5300000, 0x00000000a5400000|  0%| F|  |TAMS 0x00000000a5300000, 0x00000000a5300000| Untracked 
|  84|0x00000000a5400000, 0x00000000a5400000, 0x00000000a5500000|  0%| F|  |TAMS 0x00000000a5400000, 0x00000000a5400000| Untracked 
|  85|0x00000000a5500000, 0x00000000a5500000, 0x00000000a5600000|  0%| F|  |TAMS 0x00000000a5500000, 0x00000000a5500000| Untracked 
|  86|0x00000000a5600000, 0x00000000a56d0080, 0x00000000a5700000| 81%| S|CS|TAMS 0x00000000a5600000, 0x00000000a5600000| Complete 
|  87|0x00000000a5700000, 0x00000000a5700000, 0x00000000a5800000|  0%| F|  |TAMS 0x00000000a5700000, 0x00000000a5700000| Untracked 
|  88|0x00000000a5800000, 0x00000000a5900000, 0x00000000a5900000|100%| S|CS|TAMS 0x00000000a5800000, 0x00000000a5800000| Complete 
|  89|0x00000000a5900000, 0x00000000a5900000, 0x00000000a5a00000|  0%| F|  |TAMS 0x00000000a5900000, 0x00000000a5900000| Untracked 
|  90|0x00000000a5a00000, 0x00000000a5a00000, 0x00000000a5b00000|  0%| F|  |TAMS 0x00000000a5a00000, 0x00000000a5a00000| Untracked 
|  91|0x00000000a5b00000, 0x00000000a5b00000, 0x00000000a5c00000|  0%| F|  |TAMS 0x00000000a5b00000, 0x00000000a5b00000| Untracked 
|  92|0x00000000a5c00000, 0x00000000a5c00000, 0x00000000a5d00000|  0%| F|  |TAMS 0x00000000a5c00000, 0x00000000a5c00000| Untracked 
|  93|0x00000000a5d00000, 0x00000000a5d00000, 0x00000000a5e00000|  0%| F|  |TAMS 0x00000000a5d00000, 0x00000000a5d00000| Untracked 
|  94|0x00000000a5e00000, 0x00000000a5e00000, 0x00000000a5f00000|  0%| F|  |TAMS 0x00000000a5e00000, 0x00000000a5e00000| Untracked 
|  95|0x00000000a5f00000, 0x00000000a5f00000, 0x00000000a6000000|  0%| F|  |TAMS 0x00000000a5f00000, 0x00000000a5f00000| Untracked 
| 127|0x00000000a7f00000, 0x00000000a7f6a830, 0x00000000a8000000| 41%| E|  |TAMS 0x00000000a7f00000, 0x00000000a7f00000| Complete 

Card table byte_map: [0x00000281fa620000,0x00000281fa920000] _byte_map_base: 0x00000281fa120000

Marking Bits (Prev, Next): (CMBitMap*) 0x00000281e7b5e0b0, (CMBitMap*) 0x00000281e7b5e0f0
 Prev Bits: [0x00000281fac20000, 0x00000281fc420000)
 Next Bits: [0x00000281fc420000, 0x00000281fdc20000)

Polling page: 0x00000281e72e0000

Metaspace:

Usage:
  Non-class:     37.55 MB used.
      Class:      5.70 MB used.
       Both:     43.24 MB used.

Virtual space:
  Non-class space:       64.00 MB reserved,      37.75 MB ( 59%) committed,  1 nodes.
      Class space:        1.00 GB reserved,       5.88 MB ( <1%) committed,  1 nodes.
             Both:        1.06 GB reserved,      43.62 MB (  4%) committed. 

Chunk freelists:
   Non-Class:  9.31 MB
       Class:  10.08 MB
        Both:  19.39 MB

MaxMetaspaceSize: unlimited
CompressedClassSpaceSize: 1.00 GB
Initial GC threshold: 21.00 MB
Current GC threshold: 71.06 MB
CDS: off
MetaspaceReclaimPolicy: balanced
 - commit_granule_bytes: 65536.
 - commit_granule_words: 8192.
 - virtual_space_node_default_size: 8388608.
 - enlarge_chunks_in_place: 1.
 - new_chunks_are_fully_committed: 0.
 - uncommit_free_chunks: 1.
 - use_allocation_guard: 0.
 - handle_deallocations: 1.


Internal statistics:

num_allocs_failed_limit: 3.
num_arena_births: 402.
num_arena_deaths: 0.
num_vsnodes_births: 2.
num_vsnodes_deaths: 0.
num_space_committed: 698.
num_space_uncommitted: 0.
num_chunks_returned_to_freelist: 3.
num_chunks_taken_from_freelist: 1702.
num_chunk_merges: 3.
num_chunk_splits: 1099.
num_chunks_enlarged: 761.
num_inconsistent_stats: 0.

CodeHeap 'non-profiled nmethods': size=120000Kb used=2207Kb max_used=2207Kb free=117792Kb
 bounds [0x00000281f2ac0000, 0x00000281f2d30000, 0x00000281f9ff0000]
CodeHeap 'profiled nmethods': size=120000Kb used=8148Kb max_used=8148Kb free=111851Kb
 bounds [0x00000281eaff0000, 0x00000281eb7f0000, 0x00000281f2520000]
CodeHeap 'non-nmethods': size=5760Kb used=2296Kb max_used=2296Kb free=3463Kb
 bounds [0x00000281f2520000, 0x00000281f2790000, 0x00000281f2ac0000]
 total_blobs=4791 nmethods=3982 adapters=721
 compilation: enabled
              stopped_count=0, restarted_count=0
 full_count=0

Compilation events (20 events):
Event: 37.632 Thread 0x000002818095af80 3996       3       org.codehaus.groovy.reflection.CachedMethod::compareToMethod (125 bytes)
Event: 37.633 Thread 0x000002818095af80 nmethod 3996 0x00000281eb7e2390 code [0x00000281eb7e2660, 0x00000281eb7e34e8]
Event: 37.633 Thread 0x000002818095af80 3997       3       org.codehaus.groovy.runtime.metaclass.MetaMethodIndex::hash (31 bytes)
Event: 37.633 Thread 0x000002818095af80 nmethod 3997 0x00000281eb7e3b10 code [0x00000281eb7e3ca0, 0x00000281eb7e3db8]
Event: 37.633 Thread 0x000002818095af80 3995       3       org.codehaus.groovy.reflection.CachedMethod$MyComparator::compare (43 bytes)
Event: 37.634 Thread 0x000002818095af80 nmethod 3995 0x00000281eb7e3e90 code [0x00000281eb7e4100, 0x00000281eb7e4ee8]
Event: 37.634 Thread 0x000002818095af80 3998       1       groovy.lang.MetaProperty::getType (5 bytes)
Event: 37.634 Thread 0x000002818095af80 nmethod 3998 0x00000281f2ce0290 code [0x00000281f2ce0420, 0x00000281f2ce04f8]
Event: 37.634 Thread 0x000002818095af80 3999       1       groovy.lang.MetaBeanProperty::getGetter (5 bytes)
Event: 37.634 Thread 0x000002818095af80 nmethod 3999 0x00000281f2ce0590 code [0x00000281f2ce0720, 0x00000281f2ce07f8]
Event: 37.634 Thread 0x000002818095af80 4000       1       groovy.lang.MetaBeanProperty::getField (5 bytes)
Event: 37.634 Thread 0x000002818095af80 nmethod 4000 0x00000281f2ce0890 code [0x00000281f2ce0a20, 0x00000281f2ce0af8]
Event: 37.638 Thread 0x000002818702d4c0 nmethod 3877 0x00000281f2ce0b90 code [0x00000281f2ce0ec0, 0x00000281f2ce4618]
Event: 37.639 Thread 0x000002818702d4c0 3896   !   4       jdk.internal.loader.URLClassPath$JarLoader::getResource (65 bytes)
Event: 37.653 Thread 0x000002818702d4c0 nmethod 3896 0x00000281f2ce6490 code [0x00000281f2ce6700, 0x00000281f2ce6fb0]
Event: 37.653 Thread 0x000002818702d4c0 3893       4       java.util.stream.ReferencePipeline::forEachWithCancel (23 bytes)
Event: 37.655 Thread 0x000002818702d4c0 nmethod 3893 0x00000281f2ce7690 code [0x00000281f2ce7820, 0x00000281f2ce7978]
Event: 37.655 Thread 0x000002818702d4c0 3902       4       java.util.AbstractList::<init> (10 bytes)
Event: 37.656 Thread 0x000002818702d4c0 nmethod 3902 0x00000281f2ce7b10 code [0x00000281f2ce7c80, 0x00000281f2ce7cf8]
Event: 37.656 Thread 0x000002818702d4c0 3963  s    4       jdk.internal.loader.Resource::cachedInputStream (20 bytes)

GC Heap History (20 events):
Event: 24.115 GC heap before
{Heap before GC invocations=5 (full 0):
 garbage-first heap   total 68608K, used 46732K [0x00000000a0000000, 0x0000000100000000)
  region size 1024K, 29 young (29696K), 3 survivors (3072K)
 Metaspace       used 29763K, committed 30080K, reserved 1114112K
  class space    used 4027K, committed 4160K, reserved 1048576K
}
Event: 24.118 GC heap after
{Heap after GC invocations=6 (full 0):
 garbage-first heap   total 68608K, used 22629K [0x00000000a0000000, 0x0000000100000000)
  region size 1024K, 4 young (4096K), 4 survivors (4096K)
 Metaspace       used 29763K, committed 30080K, reserved 1114112K
  class space    used 4027K, committed 4160K, reserved 1048576K
}
Event: 32.158 GC heap before
{Heap before GC invocations=6 (full 0):
 garbage-first heap   total 68608K, used 32869K [0x00000000a0000000, 0x0000000100000000)
  region size 1024K, 9 young (9216K), 4 survivors (4096K)
 Metaspace       used 30089K, committed 30400K, reserved 1114112K
  class space    used 4084K, committed 4224K, reserved 1048576K
}
Event: 32.161 GC heap after
{Heap after GC invocations=7 (full 0):
 garbage-first heap   total 68608K, used 31918K [0x00000000a0000000, 0x0000000100000000)
  region size 1024K, 4 young (4096K), 4 survivors (4096K)
 Metaspace       used 30089K, committed 30400K, reserved 1114112K
  class space    used 4084K, committed 4224K, reserved 1048576K
}
Event: 32.185 GC heap before
{Heap before GC invocations=7 (full 0):
 garbage-first heap   total 68608K, used 44206K [0x00000000a0000000, 0x0000000100000000)
  region size 1024K, 5 young (5120K), 4 survivors (4096K)
 Metaspace       used 30089K, committed 30400K, reserved 1114112K
  class space    used 4084K, committed 4224K, reserved 1048576K
}
Event: 32.187 GC heap after
{Heap after GC invocations=8 (full 0):
 garbage-first heap   total 68608K, used 44299K [0x00000000a0000000, 0x0000000100000000)
  region size 1024K, 1 young (1024K), 1 survivors (1024K)
 Metaspace       used 30089K, committed 30400K, reserved 1114112K
  class space    used 4084K, committed 4224K, reserved 1048576K
}
Event: 33.718 GC heap before
{Heap before GC invocations=9 (full 0):
 garbage-first heap   total 81920K, used 54539K [0x00000000a0000000, 0x0000000100000000)
  region size 1024K, 10 young (10240K), 1 survivors (1024K)
 Metaspace       used 31054K, committed 31424K, reserved 1114112K
  class space    used 4235K, committed 4416K, reserved 1048576K
}
Event: 33.719 GC heap after
{Heap after GC invocations=10 (full 0):
 garbage-first heap   total 81920K, used 48417K [0x00000000a0000000, 0x0000000100000000)
  region size 1024K, 2 young (2048K), 2 survivors (2048K)
 Metaspace       used 31054K, committed 31424K, reserved 1114112K
  class space    used 4235K, committed 4416K, reserved 1048576K
}
Event: 34.483 GC heap before
{Heap before GC invocations=10 (full 0):
 garbage-first heap   total 81920K, used 63777K [0x00000000a0000000, 0x0000000100000000)
  region size 1024K, 17 young (17408K), 2 survivors (2048K)
 Metaspace       used 32890K, committed 33280K, reserved 1114112K
  class space    used 4529K, committed 4672K, reserved 1048576K
}
Event: 34.485 GC heap after
{Heap after GC invocations=11 (full 0):
 garbage-first heap   total 81920K, used 49268K [0x00000000a0000000, 0x0000000100000000)
  region size 1024K, 1 young (1024K), 1 survivors (1024K)
 Metaspace       used 32890K, committed 33280K, reserved 1114112K
  class space    used 4529K, committed 4672K, reserved 1048576K
}
Event: 35.036 GC heap before
{Heap before GC invocations=12 (full 0):
 garbage-first heap   total 87040K, used 62580K [0x00000000a0000000, 0x0000000100000000)
  region size 1024K, 15 young (15360K), 1 survivors (1024K)
 Metaspace       used 34662K, committed 35072K, reserved 1114112K
  class space    used 4811K, committed 4992K, reserved 1048576K
}
Event: 35.037 GC heap after
{Heap after GC invocations=13 (full 0):
 garbage-first heap   total 87040K, used 49799K [0x00000000a0000000, 0x0000000100000000)
  region size 1024K, 2 young (2048K), 2 survivors (2048K)
 Metaspace       used 34662K, committed 35072K, reserved 1114112K
  class space    used 4811K, committed 4992K, reserved 1048576K
}
Event: 36.947 GC heap before
{Heap before GC invocations=13 (full 0):
 garbage-first heap   total 87040K, used 66183K [0x00000000a0000000, 0x0000000100000000)
  region size 1024K, 19 young (19456K), 2 survivors (2048K)
 Metaspace       used 37907K, committed 38336K, reserved 1114112K
  class space    used 5264K, committed 5440K, reserved 1048576K
}
Event: 36.949 GC heap after
{Heap after GC invocations=14 (full 0):
 garbage-first heap   total 87040K, used 50843K [0x00000000a0000000, 0x0000000100000000)
  region size 1024K, 3 young (3072K), 3 survivors (3072K)
 Metaspace       used 37907K, committed 38336K, reserved 1114112K
  class space    used 5264K, committed 5440K, reserved 1048576K
}
Event: 37.303 GC heap before
{Heap before GC invocations=15 (full 0):
 garbage-first heap   total 91136K, used 67227K [0x00000000a0000000, 0x0000000100000000)
  region size 1024K, 20 young (20480K), 3 survivors (3072K)
 Metaspace       used 42221K, committed 42560K, reserved 1114112K
  class space    used 5722K, committed 5888K, reserved 1048576K
}
Event: 37.306 GC heap after
{Heap after GC invocations=16 (full 0):
 garbage-first heap   total 91136K, used 52907K [0x00000000a0000000, 0x0000000100000000)
  region size 1024K, 3 young (3072K), 3 survivors (3072K)
 Metaspace       used 42221K, committed 42560K, reserved 1114112K
  class space    used 5722K, committed 5888K, reserved 1048576K
}
Event: 37.504 GC heap before
{Heap before GC invocations=16 (full 0):
 garbage-first heap   total 91136K, used 71339K [0x00000000a0000000, 0x0000000100000000)
  region size 1024K, 22 young (22528K), 3 survivors (3072K)
 Metaspace       used 43199K, committed 43648K, reserved 1114112K
  class space    used 5787K, committed 6016K, reserved 1048576K
}
Event: 37.508 GC heap after
{Heap after GC invocations=17 (full 0):
 garbage-first heap   total 91136K, used 55556K [0x00000000a0000000, 0x0000000100000000)
  region size 1024K, 3 young (3072K), 3 survivors (3072K)
 Metaspace       used 43199K, committed 43648K, reserved 1114112K
  class space    used 5787K, committed 6016K, reserved 1048576K
}
Event: 37.635 GC heap before
{Heap before GC invocations=18 (full 0):
 garbage-first heap   total 99328K, used 62724K [0x00000000a0000000, 0x0000000100000000)
  region size 1024K, 12 young (12288K), 3 survivors (3072K)
 Metaspace       used 43650K, committed 44032K, reserved 1114112K
  class space    used 5833K, committed 6016K, reserved 1048576K
}
Event: 37.637 GC heap after
{Heap after GC invocations=19 (full 0):
 garbage-first heap   total 99328K, used 56080K [0x00000000a0000000, 0x0000000100000000)
  region size 1024K, 2 young (2048K), 2 survivors (2048K)
 Metaspace       used 43650K, committed 44032K, reserved 1114112K
  class space    used 5833K, committed 6016K, reserved 1048576K
}

Dll operation events (3 events):
Event: 0.203 Loaded shared library D:\AndroidStudio_24\jbr\bin\java.dll
Event: 0.640 Loaded shared library D:\AndroidStudio_24\jbr\bin\zip.dll
Event: 1.068 Loaded shared library D:\AndroidStudio_24\jbr\bin\verify.dll

Deoptimization events (20 events):
Event: 37.532 Thread 0x00000281866e9c70 Uncommon trap: trap_request=0xffffffbe fr.pc=0x00000281f2c99788 relative=0x0000000000003668
Event: 37.532 Thread 0x00000281866e9c70 Uncommon trap: reason=profile_predicate action=maybe_recompile pc=0x00000281f2c99788 method=java.util.AbstractCollection.addAll(Ljava/util/Collection;)Z @ 15 c2
Event: 37.532 Thread 0x00000281866e9c70 DEOPT PACKING pc=0x00000281f2c99788 sp=0x000000866cbf8c40
Event: 37.532 Thread 0x00000281866e9c70 DEOPT UNPACKING pc=0x00000281f25769a3 sp=0x000000866cbf8c48 mode 2
Event: 37.551 Thread 0x00000281866e9c70 Uncommon trap: trap_request=0xffffffde fr.pc=0x00000281f2cd4754 relative=0x0000000000000474
Event: 37.551 Thread 0x00000281866e9c70 Uncommon trap: reason=class_check action=maybe_recompile pc=0x00000281f2cd4754 method=java.util.regex.Pattern$Start.match(Ljava/util/regex/Matcher;ILjava/lang/CharSequence;)Z @ 44 c2
Event: 37.551 Thread 0x00000281866e9c70 DEOPT PACKING pc=0x00000281f2cd4754 sp=0x000000866cbf83d0
Event: 37.551 Thread 0x00000281866e9c70 DEOPT UNPACKING pc=0x00000281f25769a3 sp=0x000000866cbf8298 mode 2
Event: 37.551 Thread 0x00000281866e9c70 Uncommon trap: trap_request=0xffffffde fr.pc=0x00000281f2cd4754 relative=0x0000000000000474
Event: 37.551 Thread 0x00000281866e9c70 Uncommon trap: reason=class_check action=maybe_recompile pc=0x00000281f2cd4754 method=java.util.regex.Pattern$Start.match(Ljava/util/regex/Matcher;ILjava/lang/CharSequence;)Z @ 44 c2
Event: 37.551 Thread 0x00000281866e9c70 DEOPT PACKING pc=0x00000281f2cd4754 sp=0x000000866cbf83d0
Event: 37.551 Thread 0x00000281866e9c70 DEOPT UNPACKING pc=0x00000281f25769a3 sp=0x000000866cbf8298 mode 2
Event: 37.554 Thread 0x00000281866e9c70 Uncommon trap: trap_request=0xffffffbe fr.pc=0x00000281f2c99788 relative=0x0000000000003668
Event: 37.554 Thread 0x00000281866e9c70 Uncommon trap: reason=profile_predicate action=maybe_recompile pc=0x00000281f2c99788 method=java.util.AbstractCollection.addAll(Ljava/util/Collection;)Z @ 15 c2
Event: 37.554 Thread 0x00000281866e9c70 DEOPT PACKING pc=0x00000281f2c99788 sp=0x000000866cbf8c40
Event: 37.554 Thread 0x00000281866e9c70 DEOPT UNPACKING pc=0x00000281f25769a3 sp=0x000000866cbf8c48 mode 2
Event: 37.568 Thread 0x00000281866e9c70 Uncommon trap: trap_request=0xffffffbe fr.pc=0x00000281f2c99788 relative=0x0000000000003668
Event: 37.568 Thread 0x00000281866e9c70 Uncommon trap: reason=profile_predicate action=maybe_recompile pc=0x00000281f2c99788 method=java.util.AbstractCollection.addAll(Ljava/util/Collection;)Z @ 15 c2
Event: 37.568 Thread 0x00000281866e9c70 DEOPT PACKING pc=0x00000281f2c99788 sp=0x000000866cbf9640
Event: 37.568 Thread 0x00000281866e9c70 DEOPT UNPACKING pc=0x00000281f25769a3 sp=0x000000866cbf9648 mode 2

Classes unloaded (0 events):
No events

Classes redefined (0 events):
No events

Internal exceptions (20 events):
Event: 37.543 Thread 0x00000281866e9c70 Exception <a 'java/lang/ClassNotFoundException'{0x00000000a5e4b440}: ijmapper_9gd33pm7ofj6xy1aqbicrzl1BeanInfo> (0x00000000a5e4b440) 
thrown [s\src\hotspot\share\classfile\systemDictionary.cpp, line 256]
Event: 37.544 Thread 0x00000281866e9c70 Exception <a 'java/lang/ClassNotFoundException'{0x00000000a5e55f80}: org/gradle/initialization/InitScriptBeanInfo> (0x00000000a5e55f80) 
thrown [s\src\hotspot\share\classfile\systemDictionary.cpp, line 256]
Event: 37.544 Thread 0x00000281866e9c70 Exception <a 'java/lang/ClassNotFoundException'{0x00000000a5e608f0}: org/gradle/groovy/scripts/DefaultScriptBeanInfo> (0x00000000a5e608f0) 
thrown [s\src\hotspot\share\classfile\systemDictionary.cpp, line 256]
Event: 37.544 Thread 0x00000281866e9c70 Exception <a 'java/lang/ClassNotFoundException'{0x00000000a5e6b1e0}: org/gradle/groovy/scripts/BasicScriptBeanInfo> (0x00000000a5e6b1e0) 
thrown [s\src\hotspot\share\classfile\systemDictionary.cpp, line 256]
Event: 37.545 Thread 0x00000281866e9c70 Exception <a 'java/lang/ClassNotFoundException'{0x00000000a5e75a60}: org/gradle/groovy/scripts/ScriptBeanInfo> (0x00000000a5e75a60) 
thrown [s\src\hotspot\share\classfile\systemDictionary.cpp, line 256]
Event: 37.546 Thread 0x00000281866e9c70 Exception <a 'java/lang/ClassNotFoundException'{0x00000000a5e8d9c8}: groovy/lang/ScriptBeanInfo> (0x00000000a5e8d9c8) 
thrown [s\src\hotspot\share\classfile\systemDictionary.cpp, line 256]
Event: 37.546 Thread 0x00000281866e9c70 Exception <a 'java/lang/ClassNotFoundException'{0x00000000a5ea5b70}: groovy/lang/ScriptCustomizer> (0x00000000a5ea5b70) 
thrown [s\src\hotspot\share\classfile\systemDictionary.cpp, line 256]
Event: 37.548 Thread 0x00000281866e9c70 Exception <a 'java/lang/ClassNotFoundException'{0x00000000a5eb8128}: org/gradle/groovy/scripts/ScriptCustomizer> (0x00000000a5eb8128) 
thrown [s\src\hotspot\share\classfile\systemDictionary.cpp, line 256]
Event: 37.549 Thread 0x00000281866e9c70 Exception <a 'java/lang/ClassNotFoundException'{0x00000000a5ec9728}: org/gradle/groovy/scripts/BasicScriptCustomizer> (0x00000000a5ec9728) 
thrown [s\src\hotspot\share\classfile\systemDictionary.cpp, line 256]
Event: 37.550 Thread 0x00000281866e9c70 Exception <a 'java/lang/ClassNotFoundException'{0x00000000a5ee0968}: org/gradle/groovy/scripts/DefaultScriptCustomizer> (0x00000000a5ee0968) 
thrown [s\src\hotspot\share\classfile\systemDictionary.cpp, line 256]
Event: 37.553 Thread 0x00000281866e9c70 Exception <a 'java/lang/ClassNotFoundException'{0x00000000a5d095d0}: org/gradle/initialization/InitScriptCustomizer> (0x00000000a5d095d0) 
thrown [s\src\hotspot\share\classfile\systemDictionary.cpp, line 256]
Event: 37.553 Thread 0x00000281866e9c70 Exception <a 'java/lang/ClassNotFoundException'{0x00000000a5d18530}: ijmapper_9gd33pm7ofj6xy1aqbicrzl1Customizer> (0x00000000a5d18530) 
thrown [s\src\hotspot\share\classfile\systemDictionary.cpp, line 256]
Event: 37.567 Thread 0x00000281866e9c70 Exception <a 'java/lang/ClassNotFoundException'{0x00000000a5dd0788}: org/gradle/internal/extensibility/DefaultExtraPropertiesExtensionBeanInfo> (0x00000000a5dd0788) 
thrown [s\src\hotspot\share\classfile\systemDictionary.cpp, line 256]
Event: 37.568 Thread 0x00000281866e9c70 Exception <a 'java/lang/ClassNotFoundException'{0x00000000a5ddb588}: org/gradle/internal/extensibility/DefaultExtraPropertiesExtensionCustomizer> (0x00000000a5ddb588) 
thrown [s\src\hotspot\share\classfile\systemDictionary.cpp, line 256]
Event: 37.615 Thread 0x00000281866e9c70 Exception <a 'java/lang/ClassNotFoundException'{0x00000000a5b86510}: org/gradle/invocation/DefaultGradle_DecoratedBeanInfo> (0x00000000a5b86510) 
thrown [s\src\hotspot\share\classfile\systemDictionary.cpp, line 256]
Event: 37.616 Thread 0x00000281866e9c70 Exception <a 'java/lang/ClassNotFoundException'{0x00000000a5b96868}: org/gradle/invocation/DefaultGradleBeanInfo> (0x00000000a5b96868) 
thrown [s\src\hotspot\share\classfile\systemDictionary.cpp, line 256]
Event: 37.616 Thread 0x00000281866e9c70 Exception <a 'java/lang/ClassNotFoundException'{0x00000000a5ba72d0}: org/gradle/api/internal/project/AbstractPluginAwareBeanInfo> (0x00000000a5ba72d0) 
thrown [s\src\hotspot\share\classfile\systemDictionary.cpp, line 256]
Event: 37.616 Thread 0x00000281866e9c70 Exception <a 'java/lang/ClassNotFoundException'{0x00000000a5bb79f8}: org/gradle/api/internal/project/AbstractPluginAwareCustomizer> (0x00000000a5bb79f8) 
thrown [s\src\hotspot\share\classfile\systemDictionary.cpp, line 256]
Event: 37.618 Thread 0x00000281866e9c70 Exception <a 'java/lang/ClassNotFoundException'{0x00000000a5bcd998}: org/gradle/invocation/DefaultGradleCustomizer> (0x00000000a5bcd998) 
thrown [s\src\hotspot\share\classfile\systemDictionary.cpp, line 256]
Event: 37.620 Thread 0x00000281866e9c70 Exception <a 'java/lang/ClassNotFoundException'{0x00000000a5a0edd8}: org/gradle/invocation/DefaultGradle_DecoratedCustomizer> (0x00000000a5a0edd8) 
thrown [s\src\hotspot\share\classfile\systemDictionary.cpp, line 256]

VM Operations (20 events):
Event: 37.323 Executing VM operation: HandshakeAllThreads done
Event: 37.323 Executing VM operation: HandshakeAllThreads
Event: 37.323 Executing VM operation: HandshakeAllThreads done
Event: 37.328 Executing VM operation: HandshakeAllThreads
Event: 37.328 Executing VM operation: HandshakeAllThreads done
Event: 37.332 Executing VM operation: HandshakeAllThreads
Event: 37.332 Executing VM operation: HandshakeAllThreads done
Event: 37.354 Executing VM operation: HandshakeAllThreads
Event: 37.354 Executing VM operation: HandshakeAllThreads done
Event: 37.423 Executing VM operation: HandshakeAllThreads
Event: 37.423 Executing VM operation: HandshakeAllThreads done
Event: 37.504 Executing VM operation: G1CollectForAllocation
Event: 37.508 Executing VM operation: G1CollectForAllocation done
Event: 37.526 Executing VM operation: G1Concurrent
Event: 37.527 Executing VM operation: G1Concurrent done
Event: 37.536 Executing VM operation: G1Concurrent
Event: 37.536 Executing VM operation: G1Concurrent done
Event: 37.635 Executing VM operation: G1TryInitiateConcMark
Event: 37.637 Executing VM operation: G1TryInitiateConcMark done
Event: 37.656 Executing VM operation: G1Concurrent

Events (20 events):
Event: 37.422 loading class jdk/internal/jimage/ImageReader$SharedImageReader$LocationVisitor
Event: 37.422 loading class jdk/internal/jimage/ImageReader$SharedImageReader$LocationVisitor done
Event: 37.422 loading class java/nio/ByteBufferAsIntBufferL
Event: 37.422 loading class java/nio/ByteBufferAsIntBufferL done
Event: 37.423 loading class jdk/internal/jrtfs/JrtFileAttributes
Event: 37.423 loading class jdk/internal/jrtfs/JrtFileAttributes done
Event: 37.423 loading class jdk/internal/jrtfs/JrtDirectoryStream
Event: 37.423 loading class jdk/internal/jrtfs/JrtDirectoryStream done
Event: 37.424 loading class jdk/internal/jrtfs/JrtDirectoryStream$1
Event: 37.424 loading class jdk/internal/jrtfs/JrtDirectoryStream$1 done
Event: 37.424 loading class java/util/function/BooleanSupplier
Event: 37.424 loading class java/util/function/BooleanSupplier done
Event: 37.424 loading class jdk/internal/jimage/ImageReader$Resource
Event: 37.424 loading class jdk/internal/jimage/ImageReader$Resource done
Event: 37.522 loading class java/util/WeakHashMap$KeyIterator
Event: 37.522 loading class java/util/WeakHashMap$HashIterator
Event: 37.522 loading class java/util/WeakHashMap$HashIterator done
Event: 37.522 loading class java/util/WeakHashMap$KeyIterator done
Event: 37.633 loading class jdk/internal/reflect/UnsafeObjectFieldAccessorImpl
Event: 37.633 loading class jdk/internal/reflect/UnsafeObjectFieldAccessorImpl done


Dynamic libraries:
0x00007ff663590000 - 0x00007ff66359a000 	D:\AndroidStudio_24\jbr\bin\java.exe
0x00007ffbc8090000 - 0x00007ffbc8288000 	C:\WINDOWS\SYSTEM32\ntdll.dll
0x00007ffbc60d0000 - 0x00007ffbc618d000 	C:\WINDOWS\System32\KERNEL32.DLL
0x00007ffbc57e0000 - 0x00007ffbc5ad6000 	C:\WINDOWS\System32\KERNELBASE.dll
0x00007ffbc5fc0000 - 0x00007ffbc60c0000 	C:\WINDOWS\System32\ucrtbase.dll
0x00007ffbc01d0000 - 0x00007ffbc01eb000 	D:\AndroidStudio_24\jbr\bin\VCRUNTIME140.dll
0x00007ffbb7ed0000 - 0x00007ffbb7ee7000 	D:\AndroidStudio_24\jbr\bin\jli.dll
0x00007ffbc7eb0000 - 0x00007ffbc804e000 	C:\WINDOWS\System32\USER32.dll
0x00007ffbc5ae0000 - 0x00007ffbc5b02000 	C:\WINDOWS\System32\win32u.dll
0x00007ffbc7c80000 - 0x00007ffbc7cab000 	C:\WINDOWS\System32\GDI32.dll
0x00007ffbc5cd0000 - 0x00007ffbc5de7000 	C:\WINDOWS\System32\gdi32full.dll
0x00007ffbc5740000 - 0x00007ffbc57dd000 	C:\WINDOWS\System32\msvcp_win.dll
0x00007ffbaff40000 - 0x00007ffbb01da000 	C:\WINDOWS\WinSxS\amd64_microsoft.windows.common-controls_6595b64144ccf1df_6.0.19041.3636_none_60b6a03d71f818d5\COMCTL32.dll
0x00007ffbc75a0000 - 0x00007ffbc763e000 	C:\WINDOWS\System32\msvcrt.dll
0x00007ffbc62e0000 - 0x00007ffbc6312000 	C:\WINDOWS\System32\IMM32.DLL
0x00007ffbc1300000 - 0x00007ffbc130c000 	D:\AndroidStudio_24\jbr\bin\vcruntime140_1.dll
0x00007ffbb8070000 - 0x00007ffbb80fd000 	D:\AndroidStudio_24\jbr\bin\msvcp140.dll
0x00007ffb9a4a0000 - 0x00007ffb9b120000 	D:\AndroidStudio_24\jbr\bin\server\jvm.dll
0x00007ffbc6320000 - 0x00007ffbc63d0000 	C:\WINDOWS\System32\ADVAPI32.dll
0x00007ffbc6240000 - 0x00007ffbc62e0000 	C:\WINDOWS\System32\sechost.dll
0x00007ffbc6430000 - 0x00007ffbc6555000 	C:\WINDOWS\System32\RPCRT4.dll
0x00007ffbc5bf0000 - 0x00007ffbc5c17000 	C:\WINDOWS\System32\bcrypt.dll
0x00007ffbba950000 - 0x00007ffbba95a000 	C:\WINDOWS\SYSTEM32\VERSION.dll
0x00007ffbc1630000 - 0x00007ffbc1639000 	C:\WINDOWS\SYSTEM32\WSOCK32.dll
0x00007ffbc7c10000 - 0x00007ffbc7c7b000 	C:\WINDOWS\System32\WS2_32.dll
0x00007ffbbc030000 - 0x00007ffbbc057000 	C:\WINDOWS\SYSTEM32\WINMM.dll
0x00007ffbc3530000 - 0x00007ffbc3542000 	C:\WINDOWS\SYSTEM32\kernel.appcore.dll
0x00007ffbbc720000 - 0x00007ffbbc72a000 	D:\AndroidStudio_24\jbr\bin\jimage.dll
0x00007ffbb0e40000 - 0x00007ffbb1024000 	C:\WINDOWS\SYSTEM32\DBGHELP.DLL
0x00007ffbb0c70000 - 0x00007ffbb0ca4000 	C:\WINDOWS\SYSTEM32\dbgcore.DLL
0x00007ffbc5b60000 - 0x00007ffbc5be2000 	C:\WINDOWS\System32\bcryptPrimitives.dll
0x00007ffbbb9c0000 - 0x00007ffbbb9ce000 	D:\AndroidStudio_24\jbr\bin\instrument.dll
0x00007ffbbb710000 - 0x00007ffbbb735000 	D:\AndroidStudio_24\jbr\bin\java.dll
0x00007ffbb8680000 - 0x00007ffbb8698000 	D:\AndroidStudio_24\jbr\bin\zip.dll
0x00007ffbc6a70000 - 0x00007ffbc71db000 	C:\WINDOWS\System32\SHELL32.dll
0x00007ffbc3810000 - 0x00007ffbc3fae000 	C:\WINDOWS\SYSTEM32\windows.storage.dll
0x00007ffbc71e0000 - 0x00007ffbc7533000 	C:\WINDOWS\System32\combase.dll
0x00007ffbc5100000 - 0x00007ffbc512e000 	C:\WINDOWS\SYSTEM32\Wldp.dll
0x00007ffbc7640000 - 0x00007ffbc770d000 	C:\WINDOWS\System32\OLEAUT32.dll
0x00007ffbc6190000 - 0x00007ffbc623d000 	C:\WINDOWS\System32\SHCORE.dll
0x00007ffbc7540000 - 0x00007ffbc7595000 	C:\WINDOWS\System32\shlwapi.dll
0x00007ffbc5670000 - 0x00007ffbc5695000 	C:\WINDOWS\SYSTEM32\profapi.dll
0x00007ffbb8600000 - 0x00007ffbb8619000 	D:\AndroidStudio_24\jbr\bin\net.dll
0x00007ffbc02e0000 - 0x00007ffbc03ea000 	C:\WINDOWS\SYSTEM32\WINHTTP.dll
0x00007ffbc4e00000 - 0x00007ffbc4e6a000 	C:\WINDOWS\system32\mswsock.dll
0x00007ffbb7f90000 - 0x00007ffbb7fa6000 	D:\AndroidStudio_24\jbr\bin\nio.dll
0x00007ffbbc560000 - 0x00007ffbbc570000 	D:\AndroidStudio_24\jbr\bin\verify.dll
0x00007ffbbbcf0000 - 0x00007ffbbbd17000 	D:\Program Files\Java\jdk-20.0.2\native\68d5fa5c4cc2d200863cafc0d521ce42e7d3e7ee720ec0a83991735586a16f82\windows-amd64\native-platform.dll
0x00007ffba47e0000 - 0x00007ffba4924000 	D:\Program Files\Java\jdk-20.0.2\native\e376f236ea51e6404a007f0833ffe2c6e607c4080706a723a18a27aeea778392\windows-amd64\native-platform-file-events.dll
0x00007ffbbbe50000 - 0x00007ffbbbe59000 	D:\AndroidStudio_24\jbr\bin\management.dll
0x00007ffbbbd90000 - 0x00007ffbbbd9b000 	D:\AndroidStudio_24\jbr\bin\management_ext.dll
0x00007ffbc60c0000 - 0x00007ffbc60c8000 	C:\WINDOWS\System32\PSAPI.DLL
0x00007ffbc5050000 - 0x00007ffbc5068000 	C:\WINDOWS\SYSTEM32\CRYPTSP.dll
0x00007ffbc4730000 - 0x00007ffbc4764000 	C:\WINDOWS\system32\rsaenh.dll
0x00007ffbc5630000 - 0x00007ffbc565e000 	C:\WINDOWS\SYSTEM32\USERENV.dll
0x00007ffbc50f0000 - 0x00007ffbc50fc000 	C:\WINDOWS\SYSTEM32\CRYPTBASE.dll
0x00007ffbc4af0000 - 0x00007ffbc4b2b000 	C:\WINDOWS\SYSTEM32\IPHLPAPI.DLL
0x00007ffbc6a60000 - 0x00007ffbc6a68000 	C:\WINDOWS\System32\NSI.dll
0x00007ffbbf690000 - 0x00007ffbbf6a7000 	C:\WINDOWS\SYSTEM32\dhcpcsvc6.DLL
0x00007ffbbf670000 - 0x00007ffbbf68d000 	C:\WINDOWS\SYSTEM32\dhcpcsvc.DLL
0x00007ffbc4b30000 - 0x00007ffbc4bfb000 	C:\WINDOWS\SYSTEM32\DNSAPI.dll
0x00007ffbbc580000 - 0x00007ffbbc587000 	C:\WINDOWS\system32\wshunix.dll
0x00007ffbc4850000 - 0x00007ffbc4883000 	C:\WINDOWS\SYSTEM32\ntmarta.dll

dbghelp: loaded successfully - version: 4.0.5 - missing functions: none
symbol engine: initialized successfully - sym options: 0x614 - pdb path: .;D:\AndroidStudio_24\jbr\bin;C:\WINDOWS\SYSTEM32;C:\WINDOWS\WinSxS\amd64_microsoft.windows.common-controls_6595b64144ccf1df_6.0.19041.3636_none_60b6a03d71f818d5;D:\AndroidStudio_24\jbr\bin\server;D:\Program Files\Java\jdk-20.0.2\native\68d5fa5c4cc2d200863cafc0d521ce42e7d3e7ee720ec0a83991735586a16f82\windows-amd64;D:\Program Files\Java\jdk-20.0.2\native\e376f236ea51e6404a007f0833ffe2c6e607c4080706a723a18a27aeea778392\windows-amd64

VM Arguments:
jvm_args: --add-opens=java.base/java.util=ALL-UNNAMED --add-opens=java.base/java.lang=ALL-UNNAMED --add-opens=java.base/java.lang.invoke=ALL-UNNAMED --add-opens=java.prefs/java.util.prefs=ALL-UNNAMED --add-opens=java.base/java.nio.charset=ALL-UNNAMED --add-opens=java.base/java.net=ALL-UNNAMED --add-opens=java.base/java.util.concurrent.atomic=ALL-UNNAMED -Xmx1536m -Dfile.encoding=x-windows-949 -Duser.country=KR -Duser.language=ko -Duser.variant -javaagent:D:\Program Files\Java\jdk-20.0.2\wrapper\dists\gradle-8.2-bin\bbg7u40eoinfdyxsxr3z4i7ta\gradle-8.2\lib\agents\gradle-instrumentation-agent-8.2.jar 
java_command: org.gradle.launcher.daemon.bootstrap.GradleDaemon 8.2
java_class_path (initial): D:\Program Files\Java\jdk-20.0.2\wrapper\dists\gradle-8.2-bin\bbg7u40eoinfdyxsxr3z4i7ta\gradle-8.2\lib\gradle-launcher-8.2.jar
Launcher Type: SUN_STANDARD

[Global flags]
     intx CICompilerCount                          = 4                                         {product} {ergonomic}
     uint ConcGCThreads                            = 2                                         {product} {ergonomic}
     uint G1ConcRefinementThreads                  = 8                                         {product} {ergonomic}
   size_t G1HeapRegionSize                         = 1048576                                   {product} {ergonomic}
    uintx GCDrainStackTargetSize                   = 64                                        {product} {ergonomic}
   size_t InitialHeapSize                          = 134217728                                 {product} {ergonomic}
   size_t MarkStackSize                            = 4194304                                   {product} {ergonomic}
   size_t MaxHeapSize                              = 1610612736                                {product} {command line}
   size_t MaxNewSize                               = 965738496                                 {product} {ergonomic}
   size_t MinHeapDeltaBytes                        = 1048576                                   {product} {ergonomic}
   size_t MinHeapSize                              = 8388608                                   {product} {ergonomic}
    uintx NonNMethodCodeHeapSize                   = 5839372                                {pd product} {ergonomic}
    uintx NonProfiledCodeHeapSize                  = 122909434                              {pd product} {ergonomic}
    uintx ProfiledCodeHeapSize                     = 122909434                              {pd product} {ergonomic}
    uintx ReservedCodeCacheSize                    = 251658240                              {pd product} {ergonomic}
     bool SegmentedCodeCache                       = true                                      {product} {ergonomic}
   size_t SoftMaxHeapSize                          = 1610612736                             {manageable} {ergonomic}
     bool UseCompressedClassPointers               = true                           {product lp64_product} {ergonomic}
     bool UseCompressedOops                        = true                           {product lp64_product} {ergonomic}
     bool UseG1GC                                  = true                                      {product} {ergonomic}
     bool UseLargePagesIndividualAllocation        = false                                  {pd product} {ergonomic}

Logging:
Log output configuration:
 #0: stdout all=warning uptime,level,tags
 #1: stderr all=off uptime,level,tags

Environment Variables:
JAVA_HOME=D:\Program Files\Java\jdk-21
PATH=C:\Program Files\Common Files\Oracle\Java\javapath;C:\ProgramData\Oracle\Java\javapath;C:\WINDOWS\system32;C:\WINDOWS;C:\WINDOWS\System32\Wbem;C:\WINDOWS\System32\WindowsPowerShell\v1.0\;C:\Program Files (x86)\ePapyrus\Papyrus-PlugIn-ntas;C:\Program Files (x86)\ePapyrus\Papyrus-PlugIn-ntas\Addins;C:\WINDOWS\System32\OpenSSH\;E:\APM_Setup\Server\Apache\bin;E:\APM_Setup\Server\MySQL5\bin;E:\APM_Setup\Server\PHP5;D:\APM_Setup\Server\Apache\bin;D:\APM_Setup\Server\MySQL5\bin;D:\APM_Setup\Server\PHP5;D:\APM_Setup\Server\Apache\bin;D:\APM_Setup\Server\MySQL5\bin;D:\APM_Setup\Server\PHP5;D:\APM_Setup\Server\Apache\bin;D:\APM_Setup\Server\MySQL5\bin;D:\APM_Setup\Server\PHP5;%USERPROFILE%\AppData\Local\Microsoft\WindowsApps;C:\Program Files (x86)\SoftForum\XecureHSM\;
USERNAME=PROFCHU
TMPDIR=C:\Users\Public\Documents\ESTsoft\CreatorTemp
OS=Windows_NT
PROCESSOR_IDENTIFIER=Intel64 Family 6 Model 58 Stepping 9, GenuineIntel
TMP=C:\Users\PROFCHU\AppData\Local\Temp
TEMP=C:\Users\PROFCHU\AppData\Local\Temp


JNI global refs:
JNI global refs: 26, weak refs: 0

JNI global refs memory usage: 843, weak refs: 841

OOME stack traces (most recent first):
Classloader memory used:
Loader org.gradle.internal.classloader.VisitableURLClassLoader                         : 2593K
Loader bootstrap                                                                       : 2328K
Loader org.gradle.initialization.MixInLegacyTypesClassLoader                           : 447K
Loader jdk.internal.loader.ClassLoaders$PlatformClassLoader                            : 67737B
Loader org.gradle.internal.classloader.VisitableURLClassLoader                         : 52135B
Loader jdk.internal.loader.ClassLoaders$AppClassLoader                                 : 28450B
Loader jdk.internal.reflect.DelegatingClassLoader                                      : 21138B
Loader org.gradle.groovy.scripts.internal.DefaultScriptCompilationHandler$ScriptClassLoader: 758B

Classes loaded by more than one classloader:
Class org.gradle.api.GradleException                                                  : loaded 3 times (x 80B)
Class org.gradle.util.GradleVersion                                                   : loaded 2 times (x 81B)
Class org.gradle.internal.classpath.ClassPath                                         : loaded 2 times (x 68B)
Class org.gradle.api.internal.classpath.DefaultModuleRegistry                         : loaded 2 times (x 84B)
Class org.gradle.api.Action                                                           : loaded 2 times (x 68B)
Class org.gradle.api.internal.DefaultClassPathProvider                                : loaded 2 times (x 74B)
Class org.gradle.internal.installation.GradleInstallation$1                           : loaded 2 times (x 73B)
Class org.gradle.internal.exceptions.DefaultMultiCauseException                       : loaded 2 times (x 85B)
Class org.gradle.internal.time.MonotonicClock                                         : loaded 2 times (x 75B)
Class org.gradle.internal.classloader.FilteringClassLoader                            : loaded 2 times (x 102B)
Class org.gradle.internal.classpath.DefaultClassPath$ImmutableUniqueList$Builder      : loaded 2 times (x 73B)
Class org.gradle.internal.classloader.ClassLoaderVisitor                              : loaded 2 times (x 74B)
Class org.gradle.internal.time.DefaultCountdownTimer                                  : loaded 2 times (x 86B)
Class org.gradle.internal.service.DefaultServiceLocator                               : loaded 2 times (x 81B)
Class org.gradle.internal.service.UnknownServiceException                             : loaded 2 times (x 81B)
Class org.gradle.internal.classloader.DefaultClassLoaderFactory                       : loaded 2 times (x 80B)
Class org.gradle.internal.classloader.VisitableURLClassLoader$Spec                    : loaded 2 times (x 72B)
Class org.gradle.tooling.model.ProjectModel                                           : loaded 2 times (x 68B)
Class org.gradle.internal.installation.GradleInstallation                             : loaded 2 times (x 73B)
Class org.gradle.api.internal.classpath.ModuleRegistry                                : loaded 2 times (x 68B)
Class org.gradle.api.internal.ClassPathProvider                                       : loaded 2 times (x 68B)
Class org.gradle.internal.classloader.ClasspathUtil$1                                 : loaded 2 times (x 74B)
Class org.gradle.internal.classloader.ClassLoaderFactory                              : loaded 2 times (x 68B)
Class org.gradle.api.internal.classpath.ManifestUtil                                  : loaded 2 times (x 69B)
Class org.gradle.api.specs.Spec                                                       : loaded 2 times (x 68B)
Class org.gradle.internal.IoActions                                                   : loaded 2 times (x 69B)
Class org.gradle.api.internal.classpath.EffectiveClassPath                            : loaded 2 times (x 88B)
Class org.gradle.internal.installation.CurrentGradleInstallation                      : loaded 2 times (x 71B)
Class org.gradle.internal.agents.InstrumentingClassLoader                             : loaded 2 times (x 68B)
Class org.gradle.internal.installation.CurrentGradleInstallationLocator               : loaded 2 times (x 69B)
Class org.gradle.api.internal.classpath.Module                                        : loaded 2 times (x 68B)
Class org.gradle.internal.service.CachingServiceLocator                               : loaded 2 times (x 80B)
Class org.gradle.internal.time.Timer                                                  : loaded 2 times (x 68B)
Class org.gradle.internal.classpath.DefaultClassPath                                  : loaded 2 times (x 88B)
Class org.gradle.internal.time.Time                                                   : loaded 2 times (x 69B)
Class org.gradle.internal.time.TimeSource$1                                           : loaded 2 times (x 75B)
Class org.gradle.internal.classloader.SystemClassLoaderSpec                           : loaded 2 times (x 69B)
Class kotlin.Function                                                                 : loaded 2 times (x 68B)
Class org.gradle.api.UncheckedIOException                                             : loaded 2 times (x 80B)
Class org.gradle.internal.time.CountdownTimer                                         : loaded 2 times (x 68B)
Class org.gradle.internal.time.Clock                                                  : loaded 2 times (x 68B)
Class org.gradle.internal.classloader.ClasspathUtil                                   : loaded 2 times (x 69B)
Class org.gradle.api.internal.DefaultClassPathRegistry                                : loaded 2 times (x 74B)
Class org.gradle.api.internal.classpath.DefaultModuleRegistry$DefaultModule           : loaded 2 times (x 84B)
Class org.gradle.internal.time.TimeSource                                             : loaded 2 times (x 68B)
Class org.gradle.api.internal.classpath.UnknownModuleException                        : loaded 2 times (x 80B)
Class org.gradle.internal.service.ServiceLookupException                              : loaded 2 times (x 80B)
Class org.gradle.cache.GlobalCache                                                    : loaded 2 times (x 68B)
Class [Lorg.gradle.api.internal.ClassPathProvider;                                    : loaded 2 times (x 67B)
Class org.gradle.internal.operations.MultipleBuildOperationFailures                   : loaded 2 times (x 85B)
Class org.gradle.util.internal.GUtil                                                  : loaded 2 times (x 69B)
Class org.gradle.internal.classloader.ClassLoaderSpec                                 : loaded 2 times (x 69B)
Class org.gradle.internal.classloader.VisitableURLClassLoader                         : loaded 2 times (x 114B)
Class org.gradle.internal.Cast                                                        : loaded 2 times (x 69B)
Class org.gradle.api.internal.ClassPathRegistry                                       : loaded 2 times (x 68B)
Class org.gradle.internal.classloader.VisitableURLClassLoader$InstrumentingVisitableURLClassLoader: loaded 2 times (x 120B)
Class org.gradle.internal.classloader.ClassLoaderHierarchy                            : loaded 2 times (x 68B)
Class org.gradle.internal.exceptions.MultiCauseException                              : loaded 2 times (x 68B)
Class org.gradle.internal.InternalTransformer                                         : loaded 2 times (x 68B)
Class org.gradle.internal.service.ServiceLocator                                      : loaded 2 times (x 68B)
Class org.gradle.internal.classpath.DefaultClassPath$ImmutableUniqueList              : loaded 2 times (x 159B)
Class org.gradle.internal.time.DefaultTimer                                           : loaded 2 times (x 78B)
Class org.gradle.internal.classpath.TransformedClassPath                              : loaded 2 times (x 94B)


---------------  S Y S T E M  ---------------

OS:
 Windows 10 , 64 bit Build 19041 (10.0.19041.3636)
OS uptime: 17 days 21:29 hours

CPU: total 8 (initial active 8) (4 cores per cpu, 2 threads per core) family 6 model 58 stepping 9 microcode 0x21, cx8, cmov, fxsr, ht, mmx, sse, sse2, sse3, ssse3, sse4.1, sse4.2, popcnt, tsc, tscinvbit, avx, aes, erms, clmul, vzeroupper, clflush

Memory: 4k page, system-wide physical 8150M (403M free)
TotalPageFile size 32726M (AvailPageFile size 7M)
current process WorkingSet (physical memory assigned to process): 231M, peak: 231M
current process commit charge ("private bytes"): 270M, peak: 279M

vm_info: OpenJDK 64-Bit Server VM (17.0.7+0-b2043.56-10550314) for windows-amd64 JRE (17.0.7+0-b2043.56-10550314), built on Jul 24 2023 18:27:45 by "androidbuild" with MS VC++ 16.10 / 16.11 (VS2019)

END.
